# JRE version: OpenJDK Runtime Environment (17.0.16+8) (build 17.0.16+8-Debian-1deb12u1)
# Java VM: OpenJDK 64-Bit Server VM (17.0.16+8-Debian-1deb12u1, mixed mode, emulated-client, sharing, tiered, compressed oops, compressed class ptrs, serial gc, linux-amd64)
GC Precious Log:
 CPUs: 2 total, 2 available
 Memory: 1024M
 Large Page Support: Disabled
 NUMA Support: Disabled
 Compressed Oops: Enabled (32-bit)
 Heap Min Capacity: 8M
 Heap Initial Capacity: 16M
 Heap Max Capacity: 256M
 Pre-touch: Disabled
Heap:
 def new generation   total 17984K, used 2599K [0x00000000f0000000, 0x00000000f1380000, 0x00000000f5550000)
  eden space 16000K,   8% used [0x00000000f0000000, 0x00000000f0155d18, 0x00000000f0fa0000)
  from space 1984K,  62% used [0x00000000f0fa0000, 0x00000000f10d4230, 0x00000000f1190000)
  to   space 1984K,   0% used [0x00000000f1190000, 0x00000000f1190000, 0x00000000f1380000)
 tenured generation   total 39828K, used 28643K [0x00000000f5550000, 0x00000000f7c35000, 0x0000000100000000)
   the space 39828K,  71% used [0x00000000f5550000, 0x00000000f7148c10, 0x00000000f7148e00, 0x00000000f7c35000)
 Metaspace       used 66544K, committed 67136K, reserved 1114112K
  class space    used 9841K, committed 10112K, reserved 1048576K
GC Heap History (20 events):
Event: 12.833 GC heap before
{Heap before GC invocations=32 (full 2):
 def new generation   total 14080K, used 13216K [0x00000000f0000000, 0x00000000f0f40000, 0x00000000f5550000)
  eden space 12544K,  98% used [0x00000000f0000000, 0x00000000f0c03920, 0x00000000f0c40000)
  from space 1536K,  59% used [0x00000000f0dc0000, 0x00000000f0ea4ab8, 0x00000000f0f40000)
  to   space 1536K,   0% used [0x00000000f0c40000, 0x00000000f0c40000, 0x00000000f0dc0000)
 tenured generation   total 31160K, used 20352K [0x00000000f5550000, 0x00000000f73be000, 0x0000000100000000)
   the space 31160K,  65% used [0x00000000f5550000, 0x00000000f6930380, 0x00000000f6930400, 0x00000000f73be000)
 Metaspace       used 41371K, committed 41856K, reserved 1114112K
  class space    used 6130K, committed 6336K, reserved 1048576K
}
Event: 12.845 GC heap after
{Heap after GC invocations=33 (full 2):
 def new generation   total 14080K, used 862K [0x00000000f0000000, 0x00000000f0f40000, 0x00000000f5550000)
  eden space 12544K,   0% used [0x00000000f0000000, 0x00000000f0000000, 0x00000000f0c40000)
  from space 1536K,  56% used [0x00000000f0c40000, 0x00000000f0d17880, 0x00000000f0dc0000)
  to   space 1536K,   0% used [0x00000000f0dc0000, 0x00000000f0dc0000, 0x00000000f0f40000)
 tenured generation   total 31160K, used 21252K [0x00000000f5550000, 0x00000000f73be000, 0x0000000100000000)
   the space 31160K,  68% used [0x00000000f5550000, 0x00000000f6a11090, 0x00000000f6a11200, 0x00000000f73be000)
 Metaspace       used 41371K, committed 41856K, reserved 1114112K
  class space    used 6130K, committed 6336K, reserved 1048576K
}
Event: 13.380 GC heap before
{Heap before GC invocations=33 (full 2):
 def new generation   total 14080K, used 13406K [0x00000000f0000000, 0x00000000f0f40000, 0x00000000f5550000)
  eden space 12544K, 100% used [0x00000000f0000000, 0x00000000f0c40000, 0x00000000f0c40000)
  from space 1536K,  56% used [0x00000000f0c40000, 0x00000000f0d17880, 0x00000000f0dc0000)
  to   space 1536K,   0% used [0x00000000f0dc0000, 0x00000000f0dc0000, 0x00000000f0f40000)
 tenured generation   total 31160K, used 21252K [0x00000000f5550000, 0x00000000f73be000, 0x0000000100000000)
   the space 31160K,  68% used [0x00000000f5550000, 0x00000000f6a11090, 0x00000000f6a11200, 0x00000000f73be000)
 Metaspace       used 44984K, committed 45440K, reserved 1114112K
  class space    used 6614K, committed 6848K, reserved 1048576K
}
Event: 13.400 GC heap after
{Heap after GC invocations=34 (full 2):
 def new generation   total 14080K, used 833K [0x00000000f0000000, 0x00000000f0f40000, 0x00000000f5550000)
  eden space 12544K,   0% used [0x00000000f0000000, 0x00000000f0000000, 0x00000000f0c40000)
  from space 1536K,  54% used [0x00000000f0dc0000, 0x00000000f0e90460, 0x00000000f0f40000)
  to   space 1536K,   0% used [0x00000000f0c40000, 0x00000000f0c40000, 0x00000000f0dc0000)
 tenured generation   total 31160K, used 22108K [0x00000000f5550000, 0x00000000f73be000, 0x0000000100000000)
   the space 31160K,  70% used [0x00000000f5550000, 0x00000000f6ae7048, 0x00000000f6ae7200, 0x00000000f73be000)
 Metaspace       used 44984K, committed 45440K, reserved 1114112K
  class space    used 6614K, committed 6848K, reserved 1048576K
}
Event: 14.121 GC heap before
{Heap before GC invocations=34 (full 2):
 def new generation   total 14080K, used 13325K [0x00000000f0000000, 0x00000000f0f40000, 0x00000000f5550000)
  eden space 12544K,  99% used [0x00000000f0000000, 0x00000000f0c33340, 0x00000000f0c40000)
  from space 1536K,  54% used [0x00000000f0dc0000, 0x00000000f0e90460, 0x00000000f0f40000)
  to   space 1536K,   0% used [0x00000000f0c40000, 0x00000000f0c40000, 0x00000000f0dc0000)
 tenured generation   total 31160K, used 22108K [0x00000000f5550000, 0x00000000f73be000, 0x0000000100000000)
   the space 31160K,  70% used [0x00000000f5550000, 0x00000000f6ae7048, 0x00000000f6ae7200, 0x00000000f73be000)
 Metaspace       used 47939K, committed 48448K, reserved 1114112K
  class space    used 6980K, committed 7232K, reserved 1048576K
}
Event: 14.141 GC heap after
{Heap after GC invocations=35 (full 2):
 def new generation   total 14080K, used 790K [0x00000000f0000000, 0x00000000f0f40000, 0x00000000f5550000)
  eden space 12544K,   0% used [0x00000000f0000000, 0x00000000f0000000, 0x00000000f0c40000)
  from space 1536K,  51% used [0x00000000f0c40000, 0x00000000f0d05a30, 0x00000000f0dc0000)
  to   space 1536K,   0% used [0x00000000f0dc0000, 0x00000000f0dc0000, 0x00000000f0f40000)
 tenured generation   total 31160K, used 22928K [0x00000000f5550000, 0x00000000f73be000, 0x0000000100000000)
   the space 31160K,  73% used [0x00000000f5550000, 0x00000000f6bb41d8, 0x00000000f6bb4200, 0x00000000f73be000)
 Metaspace       used 47939K, committed 48448K, reserved 1114112K
  class space    used 6980K, committed 7232K, reserved 1048576K
}
Event: 14.584 GC heap before
{Heap before GC invocations=35 (full 2):
 def new generation   total 14080K, used 10471K [0x00000000f0000000, 0x00000000f0f40000, 0x00000000f5550000)
  eden space 12544K,  77% used [0x00000000f0000000, 0x00000000f0974320, 0x00000000f0c40000)
  from space 1536K,  51% used [0x00000000f0c40000, 0x00000000f0d05a30, 0x00000000f0dc0000)
  to   space 1536K,   0% used [0x00000000f0dc0000, 0x00000000f0dc0000, 0x00000000f0f40000)
 tenured generation   total 31160K, used 22928K [0x00000000f5550000, 0x00000000f73be000, 0x0000000100000000)
   the space 31160K,  73% used [0x00000000f5550000, 0x00000000f6bb41d8, 0x00000000f6bb4200, 0x00000000f73be000)
 Metaspace       used 50124K, committed 50560K, reserved 1114112K
  class space    used 7256K, committed 7488K, reserved 1048576K
}
Event: 14.727 GC heap after
{Heap after GC invocations=36 (full 3):
 def new generation   total 17984K, used 0K [0x00000000f0000000, 0x00000000f1380000, 0x00000000f5550000)
  eden space 16000K,   0% used [0x00000000f0000000, 0x00000000f0000000, 0x00000000f0fa0000)
  from space 1984K,   0% used [0x00000000f0fa0000, 0x00000000f0fa0000, 0x00000000f1190000)
  to   space 1984K,   0% used [0x00000000f1190000, 0x00000000f1190000, 0x00000000f1380000)
 tenured generation   total 39828K, used 23895K [0x00000000f5550000, 0x00000000f7c35000, 0x0000000100000000)
   the space 39828K,  59% used [0x00000000f5550000, 0x00000000f6ca5f88, 0x00000000f6ca6000, 0x00000000f7c35000)
 Metaspace       used 50124K, committed 50560K, reserved 1114112K
  class space    used 7256K, committed 7488K, reserved 1048576K
}
Event: 15.485 GC heap before
{Heap before GC invocations=36 (full 3):
 def new generation   total 17984K, used 16000K [0x00000000f0000000, 0x00000000f1380000, 0x00000000f5550000)
  eden space 16000K, 100% used [0x00000000f0000000, 0x00000000f0fa0000, 0x00000000f0fa0000)
  from space 1984K,   0% used [0x00000000f0fa0000, 0x00000000f0fa0000, 0x00000000f1190000)
  to   space 1984K,   0% used [0x00000000f1190000, 0x00000000f1190000, 0x00000000f1380000)
 tenured generation   total 39828K, used 23895K [0x00000000f5550000, 0x00000000f7c35000, 0x0000000100000000)
   the space 39828K,  59% used [0x00000000f5550000, 0x00000000f6ca5f88, 0x00000000f6ca6000, 0x00000000f7c35000)
 Metaspace       used 54847K, committed 55296K, reserved 1114112K
  class space    used 8100K, committed 8320K, reserved 1048576K
}
Event: 15.489 GC heap after
{Heap after GC invocations=37 (full 3):
 def new generation   total 17984K, used 520K [0x00000000f0000000, 0x00000000f1380000, 0x00000000f5550000)
  eden space 16000K,   0% used [0x00000000f0000000, 0x00000000f0000000, 0x00000000f0fa0000)
  from space 1984K,  26% used [0x00000000f1190000, 0x00000000f1212090, 0x00000000f1380000)
  to   space 1984K,   0% used [0x00000000f0fa0000, 0x00000000f0fa0000, 0x00000000f1190000)
 tenured generation   total 39828K, used 23895K [0x00000000f5550000, 0x00000000f7c35000, 0x0000000100000000)
   the space 39828K,  59% used [0x00000000f5550000, 0x00000000f6ca5f88, 0x00000000f6ca6000, 0x00000000f7c35000)
 Metaspace       used 54847K, committed 55296K, reserved 1114112K
  class space    used 8100K, committed 8320K, reserved 1048576K
}
Event: 16.400 GC heap before
{Heap before GC invocations=37 (full 3):
 def new generation   total 17984K, used 16520K [0x00000000f0000000, 0x00000000f1380000, 0x00000000f5550000)
  eden space 16000K, 100% used [0x00000000f0000000, 0x00000000f0fa0000, 0x00000000f0fa0000)
  from space 1984K,  26% used [0x00000000f1190000, 0x00000000f1212090, 0x00000000f1380000)
  to   space 1984K,   0% used [0x00000000f0fa0000, 0x00000000f0fa0000, 0x00000000f1190000)
 tenured generation   total 39828K, used 23895K [0x00000000f5550000, 0x00000000f7c35000, 0x0000000100000000)
   the space 39828K,  59% used [0x00000000f5550000, 0x00000000f6ca5f88, 0x00000000f6ca6000, 0x00000000f7c35000)
 Metaspace       used 57548K, committed 58112K, reserved 1114112K
  class space    used 8526K, committed 8768K, reserved 1048576K
}
Event: 16.406 GC heap after
{Heap after GC invocations=38 (full 3):
 def new generation   total 17984K, used 946K [0x00000000f0000000, 0x00000000f1380000, 0x00000000f5550000)
  eden space 16000K,   0% used [0x00000000f0000000, 0x00000000f0000000, 0x00000000f0fa0000)
  from space 1984K,  47% used [0x00000000f0fa0000, 0x00000000f108c870, 0x00000000f1190000)
  to   space 1984K,   0% used [0x00000000f1190000, 0x00000000f1190000, 0x00000000f1380000)
 tenured generation   total 39828K, used 23895K [0x00000000f5550000, 0x00000000f7c35000, 0x0000000100000000)
   the space 39828K,  59% used [0x00000000f5550000, 0x00000000f6ca5f88, 0x00000000f6ca6000, 0x00000000f7c35000)
 Metaspace       used 57548K, committed 58112K, reserved 1114112K
  class space    used 8526K, committed 8768K, reserved 1048576K
}
Event: 17.482 GC heap before
{Heap before GC invocations=38 (full 3):
 def new generation   total 17984K, used 16946K [0x00000000f0000000, 0x00000000f1380000, 0x00000000f5550000)
  eden space 16000K, 100% used [0x00000000f0000000, 0x00000000f0fa0000, 0x00000000f0fa0000)
  from space 1984K,  47% used [0x00000000f0fa0000, 0x00000000f108c870, 0x00000000f1190000)
  to   space 1984K,   0% used [0x00000000f1190000, 0x00000000f1190000, 0x00000000f1380000)
 tenured generation   total 39828K, used 23895K [0x00000000f5550000, 0x00000000f7c35000, 0x0000000100000000)
   the space 39828K,  59% used [0x00000000f5550000, 0x00000000f6ca5f88, 0x00000000f6ca6000, 0x00000000f7c35000)
 Metaspace       used 60460K, committed 60992K, reserved 1114112K
  class space    used 8978K, committed 9216K, reserved 1048576K
}
Event: 17.522 GC heap after
{Heap after GC invocations=39 (full 3):
 def new generation   total 17984K, used 1983K [0x00000000f0000000, 0x00000000f1380000, 0x00000000f5550000)
  eden space 16000K,   0% used [0x00000000f0000000, 0x00000000f0000000, 0x00000000f0fa0000)
  from space 1984K,  99% used [0x00000000f1190000, 0x00000000f137fff8, 0x00000000f1380000)
  to   space 1984K,   0% used [0x00000000f0fa0000, 0x00000000f0fa0000, 0x00000000f1190000)
 tenured generation   total 39828K, used 24435K [0x00000000f5550000, 0x00000000f7c35000, 0x0000000100000000)
   the space 39828K,  61% used [0x00000000f5550000, 0x00000000f6d2cc00, 0x00000000f6d2cc00, 0x00000000f7c35000)
 Metaspace       used 60460K, committed 60992K, reserved 1114112K
  class space    used 8978K, committed 9216K, reserved 1048576K
}
Event: 22.902 GC heap before
{Heap before GC invocations=39 (full 3):
 def new generation   total 17984K, used 17983K [0x00000000f0000000, 0x00000000f1380000, 0x00000000f5550000)
  eden space 16000K, 100% used [0x00000000f0000000, 0x00000000f0fa0000, 0x00000000f0fa0000)
  from space 1984K,  99% used [0x00000000f1190000, 0x00000000f137fff8, 0x00000000f1380000)
  to   space 1984K,   0% used [0x00000000f0fa0000, 0x00000000f0fa0000, 0x00000000f1190000)
 tenured generation   total 39828K, used 24435K [0x00000000f5550000, 0x00000000f7c35000, 0x0000000100000000)
   the space 39828K,  61% used [0x00000000f5550000, 0x00000000f6d2cc00, 0x00000000f6d2cc00, 0x00000000f7c35000)
 Metaspace       used 63133K, committed 63616K, reserved 1114112K
  class space    used 9322K, committed 9536K, reserved 1048576K
}
Event: 22.961 GC heap after
{Heap after GC invocations=40 (full 3):
 def new generation   total 17984K, used 1252K [0x00000000f0000000, 0x00000000f1380000, 0x00000000f5550000)
  eden space 16000K,   0% used [0x00000000f0000000, 0x00000000f0000000, 0x00000000f0fa0000)
  from space 1984K,  63% used [0x00000000f0fa0000, 0x00000000f10d9330, 0x00000000f1190000)
  to   space 1984K,   0% used [0x00000000f1190000, 0x00000000f1190000, 0x00000000f1380000)
 tenured generation   total 39828K, used 26394K [0x00000000f5550000, 0x00000000f7c35000, 0x0000000100000000)
   the space 39828K,  66% used [0x00000000f5550000, 0x00000000f6f16a68, 0x00000000f6f16c00, 0x00000000f7c35000)
 Metaspace       used 63133K, committed 63616K, reserved 1114112K
  class space    used 9322K, committed 9536K, reserved 1048576K
}
Event: 66.981 GC heap before
{Heap before GC invocations=40 (full 3):
 def new generation   total 17984K, used 17252K [0x00000000f0000000, 0x00000000f1380000, 0x00000000f5550000)
  eden space 16000K, 100% used [0x00000000f0000000, 0x00000000f0fa0000, 0x00000000f0fa0000)
  from space 1984K,  63% used [0x00000000f0fa0000, 0x00000000f10d9330, 0x00000000f1190000)
  to   space 1984K,   0% used [0x00000000f1190000, 0x00000000f1190000, 0x00000000f1380000)
 tenured generation   total 39828K, used 26394K [0x00000000f5550000, 0x00000000f7c35000, 0x0000000100000000)
   the space 39828K,  66% used [0x00000000f5550000, 0x00000000f6f16a68, 0x00000000f6f16c00, 0x00000000f7c35000)
 Metaspace       used 64886K, committed 65408K, reserved 1114112K
  class space    used 9582K, committed 9792K, reserved 1048576K
}
Event: 67.102 GC heap after
{Heap after GC invocations=41 (full 3):
 def new generation   total 17984K, used 1137K [0x00000000f0000000, 0x00000000f1380000, 0x00000000f5550000)
  eden space 16000K,   0% used [0x00000000f0000000, 0x00000000f0000000, 0x00000000f0fa0000)
  from space 1984K,  57% used [0x00000000f1190000, 0x00000000f12ac460, 0x00000000f1380000)
  to   space 1984K,   0% used [0x00000000f0fa0000, 0x00000000f0fa0000, 0x00000000f1190000)
 tenured generation   total 39828K, used 27527K [0x00000000f5550000, 0x00000000f7c35000, 0x0000000100000000)
   the space 39828K,  69% used [0x00000000f5550000, 0x00000000f7031d68, 0x00000000f7031e00, 0x00000000f7c35000)
 Metaspace       used 64886K, committed 65408K, reserved 1114112K
  class space    used 9582K, committed 9792K, reserved 1048576K
}
Event: 78.643 GC heap before
{Heap before GC invocations=41 (full 3):
 def new generation   total 17984K, used 17137K [0x00000000f0000000, 0x00000000f1380000, 0x00000000f5550000)
  eden space 16000K, 100% used [0x00000000f0000000, 0x00000000f0fa0000, 0x00000000f0fa0000)
  from space 1984K,  57% used [0x00000000f1190000, 0x00000000f12ac460, 0x00000000f1380000)
  to   space 1984K,   0% used [0x00000000f0fa0000, 0x00000000f0fa0000, 0x00000000f1190000)
 tenured generation   total 39828K, used 27527K [0x00000000f5550000, 0x00000000f7c35000, 0x0000000100000000)
   the space 39828K,  69% used [0x00000000f5550000, 0x00000000f7031d68, 0x00000000f7031e00, 0x00000000f7c35000)
 Metaspace       used 66364K, committed 66880K, reserved 1114112K
  class space    used 9815K, committed 10048K, reserved 1048576K
}
Event: 78.686 GC heap after
{Heap after GC invocations=42 (full 3):
 def new generation   total 17984K, used 1232K [0x00000000f0000000, 0x00000000f1380000, 0x00000000f5550000)
  eden space 16000K,   0% used [0x00000000f0000000, 0x00000000f0000000, 0x00000000f0fa0000)
  from space 1984K,  62% used [0x00000000f0fa0000, 0x00000000f10d4230, 0x00000000f1190000)
  to   space 1984K,   0% used [0x00000000f1190000, 0x00000000f1190000, 0x00000000f1380000)
 tenured generation   total 39828K, used 28643K [0x00000000f5550000, 0x00000000f7c35000, 0x0000000100000000)
   the space 39828K,  71% used [0x00000000f5550000, 0x00000000f7148c10, 0x00000000f7148e00, 0x00000000f7c35000)
 Metaspace       used 66364K, committed 66880K, reserved 1114112K
  class space    used 9815K, committed 10048K, reserved 1048576K
}

