# JRE version: OpenJDK Runtime Environment (17.0.16+8) (build 17.0.16+8-Debian-1deb12u1)
# Java VM: OpenJDK 64-Bit Server VM (17.0.16+8-Debian-1deb12u1, mixed mode, emulated-client, sharing, tiered, compressed oops, compressed class ptrs, serial gc, linux-amd64)
GC Precious Log:
 CPUs: 2 total, 2 available
 Memory: 1024M
 Large Page Support: Disabled
 NUMA Support: Disabled
 Compressed Oops: Enabled (32-bit)
 Heap Min Capacity: 8M
 Heap Initial Capacity: 16M
 Heap Max Capacity: 256M
 Pre-touch: Disabled
Heap:
 def new generation   total 17984K, used 14692K [0x00000000f0000000, 0x00000000f1380000, 0x00000000f5550000)
  eden space 16000K,  84% used [0x00000000f0000000, 0x00000000f0d46ae0, 0x00000000f0fa0000)
  from space 1984K,  55% used [0x00000000f0fa0000, 0x00000000f10b2778, 0x00000000f1190000)
  to   space 1984K,   0% used [0x00000000f1190000, 0x00000000f1190000, 0x00000000f1380000)
 tenured generation   total 39796K, used 26143K [0x00000000f5550000, 0x00000000f7c2d000, 0x0000000100000000)
   the space 39796K,  65% used [0x00000000f5550000, 0x00000000f6ed7e60, 0x00000000f6ed8000, 0x00000000f7c2d000)
 Metaspace       used 64058K, committed 64576K, reserved 1114112K
  class space    used 9454K, committed 9664K, reserved 1048576K
GC Heap History (20 events):
Event: 11.865 GC heap before
{Heap before GC invocations=29 (full 2):
 def new generation   total 13888K, used 13364K [0x00000000f0000000, 0x00000000f0f10000, 0x00000000f5550000)
  eden space 12352K, 100% used [0x00000000f0000000, 0x00000000f0c10000, 0x00000000f0c10000)
  from space 1536K,  65% used [0x00000000f0d90000, 0x00000000f0e8d228, 0x00000000f0f10000)
  to   space 1536K,   0% used [0x00000000f0c10000, 0x00000000f0c10000, 0x00000000f0d90000)
 tenured generation   total 30732K, used 18438K [0x00000000f5550000, 0x00000000f7353000, 0x0000000100000000)
   the space 30732K,  59% used [0x00000000f5550000, 0x00000000f6751840, 0x00000000f6751a00, 0x00000000f7353000)
 Metaspace       used 34834K, committed 35264K, reserved 1114112K
  class space    used 5048K, committed 5248K, reserved 1048576K
}
Event: 11.883 GC heap after
{Heap after GC invocations=30 (full 2):
 def new generation   total 13888K, used 613K [0x00000000f0000000, 0x00000000f0f10000, 0x00000000f5550000)
  eden space 12352K,   0% used [0x00000000f0000000, 0x00000000f0000000, 0x00000000f0c10000)
  from space 1536K,  39% used [0x00000000f0c10000, 0x00000000f0ca9680, 0x00000000f0d90000)
  to   space 1536K,   0% used [0x00000000f0d90000, 0x00000000f0d90000, 0x00000000f0f10000)
 tenured generation   total 30732K, used 19436K [0x00000000f5550000, 0x00000000f7353000, 0x0000000100000000)
   the space 30732K,  63% used [0x00000000f5550000, 0x00000000f684b2f0, 0x00000000f684b400, 0x00000000f7353000)
 Metaspace       used 34834K, committed 35264K, reserved 1114112K
  class space    used 5048K, committed 5248K, reserved 1048576K
}
Event: 12.402 GC heap before
{Heap before GC invocations=30 (full 2):
 def new generation   total 13888K, used 12965K [0x00000000f0000000, 0x00000000f0f10000, 0x00000000f5550000)
  eden space 12352K, 100% used [0x00000000f0000000, 0x00000000f0c10000, 0x00000000f0c10000)
  from space 1536K,  39% used [0x00000000f0c10000, 0x00000000f0ca9680, 0x00000000f0d90000)
  to   space 1536K,   0% used [0x00000000f0d90000, 0x00000000f0d90000, 0x00000000f0f10000)
 tenured generation   total 30732K, used 19436K [0x00000000f5550000, 0x00000000f7353000, 0x0000000100000000)
   the space 30732K,  63% used [0x00000000f5550000, 0x00000000f684b2f0, 0x00000000f684b400, 0x00000000f7353000)
 Metaspace       used 37107K, committed 37568K, reserved 1114112K
  class space    used 5507K, committed 5696K, reserved 1048576K
}
Event: 12.419 GC heap after
{Heap after GC invocations=31 (full 2):
 def new generation   total 13888K, used 1536K [0x00000000f0000000, 0x00000000f0f10000, 0x00000000f5550000)
  eden space 12352K,   0% used [0x00000000f0000000, 0x00000000f0000000, 0x00000000f0c10000)
  from space 1536K, 100% used [0x00000000f0d90000, 0x00000000f0f10000, 0x00000000f0f10000)
  to   space 1536K,   0% used [0x00000000f0c10000, 0x00000000f0c10000, 0x00000000f0d90000)
 tenured generation   total 30732K, used 19510K [0x00000000f5550000, 0x00000000f7353000, 0x0000000100000000)
   the space 30732K,  63% used [0x00000000f5550000, 0x00000000f685da80, 0x00000000f685dc00, 0x00000000f7353000)
 Metaspace       used 37107K, committed 37568K, reserved 1114112K
  class space    used 5507K, committed 5696K, reserved 1048576K
}
Event: 13.022 GC heap before
{Heap before GC invocations=31 (full 2):
 def new generation   total 13888K, used 13888K [0x00000000f0000000, 0x00000000f0f10000, 0x00000000f5550000)
  eden space 12352K, 100% used [0x00000000f0000000, 0x00000000f0c10000, 0x00000000f0c10000)
  from space 1536K, 100% used [0x00000000f0d90000, 0x00000000f0f10000, 0x00000000f0f10000)
  to   space 1536K,   0% used [0x00000000f0c10000, 0x00000000f0c10000, 0x00000000f0d90000)
 tenured generation   total 30732K, used 19510K [0x00000000f5550000, 0x00000000f7353000, 0x0000000100000000)
   the space 30732K,  63% used [0x00000000f5550000, 0x00000000f685da80, 0x00000000f685dc00, 0x00000000f7353000)
 Metaspace       used 39739K, committed 40192K, reserved 1114112K
  class space    used 5977K, committed 6208K, reserved 1048576K
}
Event: 13.039 GC heap after
{Heap after GC invocations=32 (full 2):
 def new generation   total 13888K, used 655K [0x00000000f0000000, 0x00000000f0f10000, 0x00000000f5550000)
  eden space 12352K,   0% used [0x00000000f0000000, 0x00000000f0000000, 0x00000000f0c10000)
  from space 1536K,  42% used [0x00000000f0c10000, 0x00000000f0cb3f68, 0x00000000f0d90000)
  to   space 1536K,   0% used [0x00000000f0d90000, 0x00000000f0d90000, 0x00000000f0f10000)
 tenured generation   total 30732K, used 21036K [0x00000000f5550000, 0x00000000f7353000, 0x0000000100000000)
   the space 30732K,  68% used [0x00000000f5550000, 0x00000000f69db2c8, 0x00000000f69db400, 0x00000000f7353000)
 Metaspace       used 39739K, committed 40192K, reserved 1114112K
  class space    used 5977K, committed 6208K, reserved 1048576K
}
Event: 13.648 GC heap before
{Heap before GC invocations=32 (full 2):
 def new generation   total 13888K, used 13007K [0x00000000f0000000, 0x00000000f0f10000, 0x00000000f5550000)
  eden space 12352K, 100% used [0x00000000f0000000, 0x00000000f0c10000, 0x00000000f0c10000)
  from space 1536K,  42% used [0x00000000f0c10000, 0x00000000f0cb3f68, 0x00000000f0d90000)
  to   space 1536K,   0% used [0x00000000f0d90000, 0x00000000f0d90000, 0x00000000f0f10000)
 tenured generation   total 30732K, used 21036K [0x00000000f5550000, 0x00000000f7353000, 0x0000000100000000)
   the space 30732K,  68% used [0x00000000f5550000, 0x00000000f69db2c8, 0x00000000f69db400, 0x00000000f7353000)
 Metaspace       used 44008K, committed 44480K, reserved 1114112K
  class space    used 6448K, committed 6656K, reserved 1048576K
}
Event: 13.660 GC heap after
{Heap after GC invocations=33 (full 2):
 def new generation   total 13888K, used 1366K [0x00000000f0000000, 0x00000000f0f10000, 0x00000000f5550000)
  eden space 12352K,   0% used [0x00000000f0000000, 0x00000000f0000000, 0x00000000f0c10000)
  from space 1536K,  88% used [0x00000000f0d90000, 0x00000000f0ee5a00, 0x00000000f0f10000)
  to   space 1536K,   0% used [0x00000000f0c10000, 0x00000000f0c10000, 0x00000000f0d90000)
 tenured generation   total 30732K, used 21292K [0x00000000f5550000, 0x00000000f7353000, 0x0000000100000000)
   the space 30732K,  69% used [0x00000000f5550000, 0x00000000f6a1b2d8, 0x00000000f6a1b400, 0x00000000f7353000)
 Metaspace       used 44008K, committed 44480K, reserved 1114112K
  class space    used 6448K, committed 6656K, reserved 1048576K
}
Event: 14.299 GC heap before
{Heap before GC invocations=33 (full 2):
 def new generation   total 13888K, used 13718K [0x00000000f0000000, 0x00000000f0f10000, 0x00000000f5550000)
  eden space 12352K, 100% used [0x00000000f0000000, 0x00000000f0c10000, 0x00000000f0c10000)
  from space 1536K,  88% used [0x00000000f0d90000, 0x00000000f0ee5a00, 0x00000000f0f10000)
  to   space 1536K,   0% used [0x00000000f0c10000, 0x00000000f0c10000, 0x00000000f0d90000)
 tenured generation   total 30732K, used 21292K [0x00000000f5550000, 0x00000000f7353000, 0x0000000100000000)
   the space 30732K,  69% used [0x00000000f5550000, 0x00000000f6a1b2d8, 0x00000000f6a1b400, 0x00000000f7353000)
 Metaspace       used 47096K, committed 47552K, reserved 1114112K
  class space    used 6859K, committed 7104K, reserved 1048576K
}
Event: 14.320 GC heap after
{Heap after GC invocations=34 (full 2):
 def new generation   total 13888K, used 1361K [0x00000000f0000000, 0x00000000f0f10000, 0x00000000f5550000)
  eden space 12352K,   0% used [0x00000000f0000000, 0x00000000f0000000, 0x00000000f0c10000)
  from space 1536K,  88% used [0x00000000f0c10000, 0x00000000f0d646a0, 0x00000000f0d90000)
  to   space 1536K,   0% used [0x00000000f0d90000, 0x00000000f0d90000, 0x00000000f0f10000)
 tenured generation   total 30732K, used 21943K [0x00000000f5550000, 0x00000000f7353000, 0x0000000100000000)
   the space 30732K,  71% used [0x00000000f5550000, 0x00000000f6abdd78, 0x00000000f6abde00, 0x00000000f7353000)
 Metaspace       used 47096K, committed 47552K, reserved 1114112K
  class space    used 6859K, committed 7104K, reserved 1048576K
}
Event: 14.941 GC heap before
{Heap before GC invocations=34 (full 2):
 def new generation   total 13888K, used 12696K [0x00000000f0000000, 0x00000000f0f10000, 0x00000000f5550000)
  eden space 12352K,  91% used [0x00000000f0000000, 0x00000000f0b11b28, 0x00000000f0c10000)
  from space 1536K,  88% used [0x00000000f0c10000, 0x00000000f0d646a0, 0x00000000f0d90000)
  to   space 1536K,   0% used [0x00000000f0d90000, 0x00000000f0d90000, 0x00000000f0f10000)
 tenured generation   total 30732K, used 21943K [0x00000000f5550000, 0x00000000f7353000, 0x0000000100000000)
   the space 30732K,  71% used [0x00000000f5550000, 0x00000000f6abdd78, 0x00000000f6abde00, 0x00000000f7353000)
 Metaspace       used 49206K, committed 49600K, reserved 1114112K
  class space    used 7161K, committed 7360K, reserved 1048576K
}
Event: 15.084 GC heap after
{Heap after GC invocations=35 (full 3):
 def new generation   total 17984K, used 0K [0x00000000f0000000, 0x00000000f1380000, 0x00000000f5550000)
  eden space 16000K,   0% used [0x00000000f0000000, 0x00000000f0000000, 0x00000000f0fa0000)
  from space 1984K,   0% used [0x00000000f0fa0000, 0x00000000f0fa0000, 0x00000000f1190000)
  to   space 1984K,   0% used [0x00000000f1190000, 0x00000000f1190000, 0x00000000f1380000)
 tenured generation   total 39796K, used 23876K [0x00000000f5550000, 0x00000000f7c2d000, 0x0000000100000000)
   the space 39796K,  59% used [0x00000000f5550000, 0x00000000f6ca11e0, 0x00000000f6ca1200, 0x00000000f7c2d000)
 Metaspace       used 49206K, committed 49600K, reserved 1114112K
  class space    used 7161K, committed 7360K, reserved 1048576K
}
Event: 15.862 GC heap before
{Heap before GC invocations=35 (full 3):
 def new generation   total 17984K, used 16000K [0x00000000f0000000, 0x00000000f1380000, 0x00000000f5550000)
  eden space 16000K, 100% used [0x00000000f0000000, 0x00000000f0fa0000, 0x00000000f0fa0000)
  from space 1984K,   0% used [0x00000000f0fa0000, 0x00000000f0fa0000, 0x00000000f1190000)
  to   space 1984K,   0% used [0x00000000f1190000, 0x00000000f1190000, 0x00000000f1380000)
 tenured generation   total 39796K, used 23876K [0x00000000f5550000, 0x00000000f7c2d000, 0x0000000100000000)
   the space 39796K,  59% used [0x00000000f5550000, 0x00000000f6ca11e0, 0x00000000f6ca1200, 0x00000000f7c2d000)
 Metaspace       used 54282K, committed 54720K, reserved 1114112K
  class space    used 7963K, committed 8192K, reserved 1048576K
}
Event: 15.880 GC heap after
{Heap after GC invocations=36 (full 3):
 def new generation   total 17984K, used 501K [0x00000000f0000000, 0x00000000f1380000, 0x00000000f5550000)
  eden space 16000K,   0% used [0x00000000f0000000, 0x00000000f0000000, 0x00000000f0fa0000)
  from space 1984K,  25% used [0x00000000f1190000, 0x00000000f120d430, 0x00000000f1380000)
  to   space 1984K,   0% used [0x00000000f0fa0000, 0x00000000f0fa0000, 0x00000000f1190000)
 tenured generation   total 39796K, used 23876K [0x00000000f5550000, 0x00000000f7c2d000, 0x0000000100000000)
   the space 39796K,  59% used [0x00000000f5550000, 0x00000000f6ca11e0, 0x00000000f6ca1200, 0x00000000f7c2d000)
 Metaspace       used 54282K, committed 54720K, reserved 1114112K
  class space    used 7963K, committed 8192K, reserved 1048576K
}
Event: 16.723 GC heap before
{Heap before GC invocations=36 (full 3):
 def new generation   total 17984K, used 16501K [0x00000000f0000000, 0x00000000f1380000, 0x00000000f5550000)
  eden space 16000K, 100% used [0x00000000f0000000, 0x00000000f0fa0000, 0x00000000f0fa0000)
  from space 1984K,  25% used [0x00000000f1190000, 0x00000000f120d430, 0x00000000f1380000)
  to   space 1984K,   0% used [0x00000000f0fa0000, 0x00000000f0fa0000, 0x00000000f1190000)
 tenured generation   total 39796K, used 23876K [0x00000000f5550000, 0x00000000f7c2d000, 0x0000000100000000)
   the space 39796K,  59% used [0x00000000f5550000, 0x00000000f6ca11e0, 0x00000000f6ca1200, 0x00000000f7c2d000)
 Metaspace       used 56725K, committed 57216K, reserved 1114112K
  class space    used 8412K, committed 8640K, reserved 1048576K
}
Event: 16.728 GC heap after
{Heap after GC invocations=37 (full 3):
 def new generation   total 17984K, used 937K [0x00000000f0000000, 0x00000000f1380000, 0x00000000f5550000)
  eden space 16000K,   0% used [0x00000000f0000000, 0x00000000f0000000, 0x00000000f0fa0000)
  from space 1984K,  47% used [0x00000000f0fa0000, 0x00000000f108a598, 0x00000000f1190000)
  to   space 1984K,   0% used [0x00000000f1190000, 0x00000000f1190000, 0x00000000f1380000)
 tenured generation   total 39796K, used 23876K [0x00000000f5550000, 0x00000000f7c2d000, 0x0000000100000000)
   the space 39796K,  59% used [0x00000000f5550000, 0x00000000f6ca11e0, 0x00000000f6ca1200, 0x00000000f7c2d000)
 Metaspace       used 56725K, committed 57216K, reserved 1114112K
  class space    used 8412K, committed 8640K, reserved 1048576K
}
Event: 18.400 GC heap before
{Heap before GC invocations=37 (full 3):
 def new generation   total 17984K, used 16937K [0x00000000f0000000, 0x00000000f1380000, 0x00000000f5550000)
  eden space 16000K, 100% used [0x00000000f0000000, 0x00000000f0fa0000, 0x00000000f0fa0000)
  from space 1984K,  47% used [0x00000000f0fa0000, 0x00000000f108a598, 0x00000000f1190000)
  to   space 1984K,   0% used [0x00000000f1190000, 0x00000000f1190000, 0x00000000f1380000)
 tenured generation   total 39796K, used 23876K [0x00000000f5550000, 0x00000000f7c2d000, 0x0000000100000000)
   the space 39796K,  59% used [0x00000000f5550000, 0x00000000f6ca11e0, 0x00000000f6ca1200, 0x00000000f7c2d000)
 Metaspace       used 60015K, committed 60544K, reserved 1114112K
  class space    used 8901K, committed 9152K, reserved 1048576K
}
Event: 18.461 GC heap after
{Heap after GC invocations=38 (full 3):
 def new generation   total 17984K, used 1983K [0x00000000f0000000, 0x00000000f1380000, 0x00000000f5550000)
  eden space 16000K,   0% used [0x00000000f0000000, 0x00000000f0000000, 0x00000000f0fa0000)
  from space 1984K,  99% used [0x00000000f1190000, 0x00000000f137fff8, 0x00000000f1380000)
  to   space 1984K,   0% used [0x00000000f0fa0000, 0x00000000f0fa0000, 0x00000000f1190000)
 tenured generation   total 39796K, used 24178K [0x00000000f5550000, 0x00000000f7c2d000, 0x0000000100000000)
   the space 39796K,  60% used [0x00000000f5550000, 0x00000000f6cecbb8, 0x00000000f6cecc00, 0x00000000f7c2d000)
 Metaspace       used 60015K, committed 60544K, reserved 1114112K
  class space    used 8901K, committed 9152K, reserved 1048576K
}
Event: 40.899 GC heap before
{Heap before GC invocations=38 (full 3):
 def new generation   total 17984K, used 17983K [0x00000000f0000000, 0x00000000f1380000, 0x00000000f5550000)
  eden space 16000K, 100% used [0x00000000f0000000, 0x00000000f0fa0000, 0x00000000f0fa0000)
  from space 1984K,  99% used [0x00000000f1190000, 0x00000000f137fff8, 0x00000000f1380000)
  to   space 1984K,   0% used [0x00000000f0fa0000, 0x00000000f0fa0000, 0x00000000f1190000)
 tenured generation   total 39796K, used 24178K [0x00000000f5550000, 0x00000000f7c2d000, 0x0000000100000000)
   the space 39796K,  60% used [0x00000000f5550000, 0x00000000f6cecbb8, 0x00000000f6cecc00, 0x00000000f7c2d000)
 Metaspace       used 63102K, committed 63616K, reserved 1114112K
  class space    used 9313K, committed 9536K, reserved 1048576K
}
Event: 40.984 GC heap after
{Heap after GC invocations=39 (full 3):
 def new generation   total 17984K, used 1097K [0x00000000f0000000, 0x00000000f1380000, 0x00000000f5550000)
  eden space 16000K,   0% used [0x00000000f0000000, 0x00000000f0000000, 0x00000000f0fa0000)
  from space 1984K,  55% used [0x00000000f0fa0000, 0x00000000f10b2778, 0x00000000f1190000)
  to   space 1984K,   0% used [0x00000000f1190000, 0x00000000f1190000, 0x00000000f1380000)
 tenured generation   total 39796K, used 26143K [0x00000000f5550000, 0x00000000f7c2d000, 0x0000000100000000)
   the space 39796K,  65% used [0x00000000f5550000, 0x00000000f6ed7e60, 0x00000000f6ed8000, 0x00000000f7c2d000)
 Metaspace       used 63102K, committed 63616K, reserved 1114112K
  class space    used 9313K, committed 9536K, reserved 1048576K
}

